 - om = 3.1560E-01 +- 1.8580E-03(m) +- 1.8438E-04(f)
 - s8 = 8.3100E-01 +- 1.8004E-03(m) +- 1.0206E-04(f)
 - ob = 4.9200E-02 +- 1.0481E-03(m) +- 1.9173E-04(f)
 - ns = 9.6450E-01 +- 2.7284E-03(m) +- 4.1209E-04(f)
 - wa = 0.0000E+00 +- 5.4447E-02(m) +- 2.8336E-03(f)
 - w0 = -1.0000E+00 +- 1.4129E-02(m) +- 5.1713E-04(f)
 - bias_LSST_clustering_node0 = 1.2144E+00 +- 3.7338E-03(m) +- 1.1694E-03(f)
 - bias_LSST_clustering_node1 = 1.2144E+00 +- 3.1767E-03(m) +- 4.0859E-04(f)
 - bias_LSST_clustering_node2 = 1.6344E+00 +- 5.1323E-03(m) +- 5.2929E-04(f)
 - bias_LSST_clustering_node3 = 2.0544E+00 +- 7.1547E-03(m) +- 1.2239E-03(f)
 - bias_LSST_clustering_node4 = 2.5575E+00 +- 2.0450E-02(m) +- 3.1870E-03(f)
 - bias_LSST_clustering_node5 = 3.1875E+00 +- 2.9418E-01(m) +- 3.9303E-03(f)
 - bias_LSST_clustering_node6 = 3.7344E+00 +- 2.0938E+00(m) +- 1.4753E-02(f)
 - bias_LSST_clustering_node7 = 4.1344E+00 +- 1.6137E+02(m) +- 2.1611E+00(f)
 - bphz_LSST_clustering_node0 = 0.0000E+00 +- 6.2456E-04(m) +- 9.2889E-05(f)
 - bphz_LSST_clustering_node1 = 0.0000E+00 +- 5.2118E-04(m) +- 6.3684E-05(f)
 - bphz_LSST_clustering_node2 = 0.0000E+00 +- 5.1541E-04(m) +- 5.0272E-05(f)
 - bphz_LSST_clustering_node3 = 0.0000E+00 +- 5.0659E-04(m) +- 4.7235E-05(f)
 - bphz_LSST_clustering_node4 = 0.0000E+00 +- 5.1359E-04(m) +- 5.2274E-05(f)
 - bphz_LSST_clustering_node5 = 0.0000E+00 +- 5.1498E-04(m) +- 6.1174E-05(f)
 - bphz_LSST_clustering_node6 = 0.0000E+00 +- 5.1832E-04(m) +- 7.9052E-05(f)
 - bphz_LSST_clustering_node7 = 0.0000E+00 +- 5.3145E-04(m) +- 1.1245E-04(f)
 - bphz_LSST_clustering_node8 = 0.0000E+00 +- 6.1699E-04(m) +- 3.1263E-04(f)
 - bphz_LSST_clustering_node9 = 0.0000E+00 +- 1.7214E-02(m) +- 1.9734E-03(f)
 - bphz_LSST_survey_node0 = 0.0000E+00 +- 3.4050E-03(m) +- 3.3621E-03(f)
 - bphz_LSST_survey_node1 = 0.0000E+00 +- 1.3136E-03(m) +- 1.1859E-03(f)
 - bphz_LSST_survey_node2 = 0.0000E+00 +- 1.2956E-03(m) +- 1.1624E-03(f)
 - bphz_LSST_survey_node3 = 0.0000E+00 +- 1.2576E-03(m) +- 1.1202E-03(f)
 - bphz_LSST_survey_node4 = 0.0000E+00 +- 1.2168E-03(m) +- 1.0721E-03(f)
 - bphz_LSST_survey_node5 = 0.0000E+00 +- 1.2784E-03(m) +- 1.1364E-03(f)
 - bphz_LSST_survey_node6 = 0.0000E+00 +- 1.2183E-03(m) +- 1.0432E-03(f)
 - bphz_LSST_survey_node7 = 0.0000E+00 +- 1.4136E-03(m) +- 1.2160E-03(f)
 - bphz_LSST_survey_node8 = 0.0000E+00 +- 1.7411E-03(m) +- 9.8719E-04(f)
 - bphz_LSST_survey_node9 = 0.0000E+00 +- 4.9538E-03(m) +- 3.5760E-03(f)
