 - om = 3.1560E-01 +- 1.3419E-03(m) +- 2.0438E-04(f)
 - s8 = 8.3100E-01 +- 2.0091E-03(m) +- 6.4625E-05(f)
 - ob = 4.9200E-02 +- 7.5196E-04(m) +- 1.2151E-04(f)
 - ns = 9.6450E-01 +- 2.2717E-03(m) +- 2.6105E-04(f)
 - wa = 0.0000E+00 +- 5.7444E-02(m) +- 1.9659E-03(f)
 - w0 = -1.0000E+00 +- 1.1165E-02(m) +- 3.5332E-04(f)
 - bias_LSST_clustering_node0 = 1.2144E+00 +- 4.7936E-03(m) +- 7.7791E-04(f)
 - bias_LSST_clustering_node1 = 1.2144E+00 +- 2.9377E-03(m) +- 2.7915E-04(f)
 - bias_LSST_clustering_node2 = 1.6344E+00 +- 4.1697E-03(m) +- 3.5187E-04(f)
 - bias_LSST_clustering_node3 = 2.0544E+00 +- 6.4041E-03(m) +- 7.9169E-04(f)
 - bias_LSST_clustering_node4 = 2.5575E+00 +- 1.7430E-02(m) +- 2.0532E-03(f)
 - bias_LSST_clustering_node5 = 3.1875E+00 +- 2.6042E-01(m) +- 2.4871E-03(f)
 - bias_LSST_clustering_node6 = 3.7344E+00 +- 1.9107E+00(m) +- 9.3346E-03(f)
 - bias_LSST_clustering_node7 = 4.1344E+00 +- 1.4419E+02(m) +- 1.3677E+00(f)
 - bphz_LSST_clustering_node0 = 0.0000E+00 +- 9.7949E-04(m) +- 6.1289E-05(f)
 - bphz_LSST_clustering_node1 = 0.0000E+00 +- 8.4897E-04(m) +- 4.3284E-05(f)
 - bphz_LSST_clustering_node2 = 0.0000E+00 +- 8.1623E-04(m) +- 3.2357E-05(f)
 - bphz_LSST_clustering_node3 = 0.0000E+00 +- 8.0299E-04(m) +- 3.0262E-05(f)
 - bphz_LSST_clustering_node4 = 0.0000E+00 +- 7.9966E-04(m) +- 3.3447E-05(f)
 - bphz_LSST_clustering_node5 = 0.0000E+00 +- 8.0078E-04(m) +- 3.9121E-05(f)
 - bphz_LSST_clustering_node6 = 0.0000E+00 +- 8.0005E-04(m) +- 5.0711E-05(f)
 - bphz_LSST_clustering_node7 = 0.0000E+00 +- 8.1253E-04(m) +- 7.2024E-05(f)
 - bphz_LSST_clustering_node8 = 0.0000E+00 +- 8.5414E-04(m) +- 2.0472E-04(f)
 - bphz_LSST_clustering_node9 = 0.0000E+00 +- 1.5200E-02(m) +- 1.2571E-03(f)
