 - om = 3.1560E-01 +- 1.2392E-02(m) +- 1.7951E-03(f)
 - s8 = 8.3100E-01 +- 1.9262E-02(m) +- 7.5150E-04(f)
 - ob = 4.9200E-02 +- 4.3658E-03(m) +- 1.0324E-03(f)
 - ns = 9.6450E-01 +- 1.3871E-02(m) +- 2.9655E-03(f)
 - wa = 0.0000E+00 +- 3.7232E-01(m) +- 1.5719E-02(f)
 - w0 = -1.0000E+00 +- 7.6121E-02(m) +- 3.5795E-03(f)
 - bias_LSST_clustering_node0 = 1.2144E+00 +- 9.8933E-02(m) +- 8.5038E-02(f)
 - bias_LSST_clustering_node1 = 1.2144E+00 +- 2.6634E-02(m) +- 1.0582E-02(f)
 - bias_LSST_clustering_node2 = 1.6344E+00 +- 2.9664E-02(m) +- 4.7222E-03(f)
 - bias_LSST_clustering_node3 = 2.0544E+00 +- 4.2528E-02(m) +- 5.0814E-03(f)
 - bias_LSST_clustering_node4 = 2.5575E+00 +- 9.0552E-02(m) +- 1.0632E-02(f)
 - bias_LSST_clustering_node5 = 3.1875E+00 +- 1.2082E+00(m) +- 4.3392E-02(f)
 - bias_LSST_clustering_node6 = 3.7344E+00 +- 8.8380E+00(m) +- 1.8415E-01(f)
 - bias_LSST_clustering_node7 = 4.1344E+00 +- 6.6455E+02(m) +- 2.6836E+01(f)
 - bphz_LSST_clustering_node0 = 0.0000E+00 +- 1.0230E-02(m) +- 1.7644E-03(f)
 - bphz_LSST_clustering_node1 = 0.0000E+00 +- 8.7129E-03(m) +- 5.5063E-04(f)
 - bphz_LSST_clustering_node2 = 0.0000E+00 +- 8.3042E-03(m) +- 2.9605E-04(f)
 - bphz_LSST_clustering_node3 = 0.0000E+00 +- 8.2294E-03(m) +- 2.1644E-04(f)
 - bphz_LSST_clustering_node4 = 0.0000E+00 +- 8.1979E-03(m) +- 1.9954E-04(f)
 - bphz_LSST_clustering_node5 = 0.0000E+00 +- 8.2026E-03(m) +- 2.2275E-04(f)
 - bphz_LSST_clustering_node6 = 0.0000E+00 +- 8.1707E-03(m) +- 2.8024E-04(f)
 - bphz_LSST_clustering_node7 = 0.0000E+00 +- 8.2705E-03(m) +- 3.7217E-04(f)
 - bphz_LSST_clustering_node8 = 0.0000E+00 +- 8.4168E-03(m) +- 9.4656E-04(f)
 - bphz_LSST_clustering_node9 = 0.0000E+00 +- 7.2439E-02(m) +- 5.9849E-03(f)
