 - om = 3.1560E-01 +- 2.1216E-03(m) +- 3.2296E-04(f)
 - s8 = 8.3100E-01 +- 3.1753E-03(m) +- 1.0218E-04(f)
 - ob = 4.9200E-02 +- 1.1839E-03(m) +- 1.9197E-04(f)
 - ns = 9.6450E-01 +- 3.5880E-03(m) +- 4.1267E-04(f)
 - wa = 0.0000E+00 +- 9.0792E-02(m) +- 3.1080E-03(f)
 - w0 = -1.0000E+00 +- 1.7643E-02(m) +- 5.5861E-04(f)
 - bias_LSST_clustering_node0 = 1.2144E+00 +- 7.5748E-03(m) +- 1.2299E-03(f)
 - bias_LSST_clustering_node1 = 1.2144E+00 +- 4.6423E-03(m) +- 4.4136E-04(f)
 - bias_LSST_clustering_node2 = 1.6344E+00 +- 6.5895E-03(m) +- 5.5633E-04(f)
 - bias_LSST_clustering_node3 = 2.0544E+00 +- 1.0120E-02(m) +- 1.2517E-03(f)
 - bias_LSST_clustering_node4 = 2.5575E+00 +- 2.7449E-02(m) +- 3.2462E-03(f)
 - bias_LSST_clustering_node5 = 3.1875E+00 +- 4.1001E-01(m) +- 3.9320E-03(f)
 - bias_LSST_clustering_node6 = 3.7344E+00 +- 3.0057E+00(m) +- 1.4758E-02(f)
 - bias_LSST_clustering_node7 = 4.1344E+00 +- 2.2679E+02(m) +- 2.1623E+00(f)
 - bphz_LSST_clustering_node0 = 0.0000E+00 +- 1.5477E-03(m) +- 9.6901E-05(f)
 - bphz_LSST_clustering_node1 = 0.0000E+00 +- 1.3415E-03(m) +- 6.8435E-05(f)
 - bphz_LSST_clustering_node2 = 0.0000E+00 +- 1.2897E-03(m) +- 5.1158E-05(f)
 - bphz_LSST_clustering_node3 = 0.0000E+00 +- 1.2688E-03(m) +- 4.7844E-05(f)
 - bphz_LSST_clustering_node4 = 0.0000E+00 +- 1.2635E-03(m) +- 5.2879E-05(f)
 - bphz_LSST_clustering_node5 = 0.0000E+00 +- 1.2653E-03(m) +- 6.1849E-05(f)
 - bphz_LSST_clustering_node6 = 0.0000E+00 +- 1.2642E-03(m) +- 8.0175E-05(f)
 - bphz_LSST_clustering_node7 = 0.0000E+00 +- 1.2839E-03(m) +- 1.1387E-04(f)
 - bphz_LSST_clustering_node8 = 0.0000E+00 +- 1.3496E-03(m) +- 3.2367E-04(f)
 - bphz_LSST_clustering_node9 = 0.0000E+00 +- 2.3932E-02(m) +- 1.9875E-03(f)
