 - om = 3.1560E-01 +- 5.2471E-03(m) +- 5.1829E-04(f)
 - s8 = 8.3100E-01 +- 5.0784E-03(m) +- 2.8849E-04(f)
 - ob = 4.9200E-02 +- 2.8100E-03(m) +- 5.3716E-04(f)
 - ns = 9.6450E-01 +- 7.6163E-03(m) +- 1.1629E-03(f)
 - wa = 0.0000E+00 +- 1.5324E-01(m) +- 7.9985E-03(f)
 - w0 = -1.0000E+00 +- 3.9753E-02(m) +- 1.4601E-03(f)
 - bias_LSST_clustering_node0 = 1.2144E+00 +- 1.0492E-02(m) +- 3.3030E-03(f)
 - bias_LSST_clustering_node1 = 1.2144E+00 +- 8.8958E-03(m) +- 1.1539E-03(f)
 - bias_LSST_clustering_node2 = 1.6344E+00 +- 1.4385E-02(m) +- 1.4950E-03(f)
 - bias_LSST_clustering_node3 = 2.0544E+00 +- 2.0088E-02(m) +- 3.4581E-03(f)
 - bias_LSST_clustering_node4 = 2.5575E+00 +- 5.6438E-02(m) +- 9.0064E-03(f)
 - bias_LSST_clustering_node5 = 3.1875E+00 +- 8.1126E-01(m) +- 1.1102E-02(f)
 - bias_LSST_clustering_node6 = 3.7344E+00 +- 5.7382E+00(m) +- 4.1680E-02(f)
 - bias_LSST_clustering_node7 = 4.1344E+00 +- 4.4203E+02(m) +- 6.1064E+00(f)
 - bphz_LSST_clustering_node0 = 0.0000E+00 +- 1.7603E-03(m) +- 2.6233E-04(f)
 - bphz_LSST_clustering_node1 = 0.0000E+00 +- 1.4690E-03(m) +- 1.7986E-04(f)
 - bphz_LSST_clustering_node2 = 0.0000E+00 +- 1.4530E-03(m) +- 1.4204E-04(f)
 - bphz_LSST_clustering_node3 = 0.0000E+00 +- 1.4282E-03(m) +- 1.3344E-04(f)
 - bphz_LSST_clustering_node4 = 0.0000E+00 +- 1.4479E-03(m) +- 1.4766E-04(f)
 - bphz_LSST_clustering_node5 = 0.0000E+00 +- 1.4519E-03(m) +- 1.7281E-04(f)
 - bphz_LSST_clustering_node6 = 0.0000E+00 +- 1.4615E-03(m) +- 2.2336E-04(f)
 - bphz_LSST_clustering_node7 = 0.0000E+00 +- 1.4986E-03(m) +- 3.1773E-04(f)
 - bphz_LSST_clustering_node8 = 0.0000E+00 +- 1.7398E-03(m) +- 8.8327E-04(f)
 - bphz_LSST_clustering_node9 = 0.0000E+00 +- 4.7485E-02(m) +- 5.5765E-03(f)
 - bphz_LSST_survey_node0 = 0.0000E+00 +- 9.5208E-03(m) +- 9.3977E-03(f)
 - bphz_LSST_survey_node1 = 0.0000E+00 +- 3.6852E-03(m) +- 3.3227E-03(f)
 - bphz_LSST_survey_node2 = 0.0000E+00 +- 3.6360E-03(m) +- 3.2590E-03(f)
 - bphz_LSST_survey_node3 = 0.0000E+00 +- 3.5301E-03(m) +- 3.1418E-03(f)
 - bphz_LSST_survey_node4 = 0.0000E+00 +- 3.4163E-03(m) +- 3.0078E-03(f)
 - bphz_LSST_survey_node5 = 0.0000E+00 +- 3.5894E-03(m) +- 3.1888E-03(f)
 - bphz_LSST_survey_node6 = 0.0000E+00 +- 3.4211E-03(m) +- 2.9284E-03(f)
 - bphz_LSST_survey_node7 = 0.0000E+00 +- 3.9696E-03(m) +- 3.4141E-03(f)
 - bphz_LSST_survey_node8 = 0.0000E+00 +- 4.8884E-03(m) +- 2.7753E-03(f)
 - bphz_LSST_survey_node9 = 0.0000E+00 +- 1.3905E-02(m) +- 1.0054E-02(f)
