 - om = 3.1560E-01 +- 5.9936E-03(m) +- 9.0741E-04(f)
 - s8 = 8.3100E-01 +- 8.9389E-03(m) +- 2.8881E-04(f)
 - ob = 4.9200E-02 +- 3.2148E-03(m) +- 5.3792E-04(f)
 - ns = 9.6450E-01 +- 1.0038E-02(m) +- 1.1646E-03(f)
 - wa = 0.0000E+00 +- 2.5574E-01(m) +- 8.7817E-03(f)
 - w0 = -1.0000E+00 +- 4.9601E-02(m) +- 1.5786E-03(f)
 - bias_LSST_clustering_node0 = 1.2144E+00 +- 2.1294E-02(m) +- 3.4769E-03(f)
 - bias_LSST_clustering_node1 = 1.2144E+00 +- 1.3048E-02(m) +- 1.2476E-03(f)
 - bias_LSST_clustering_node2 = 1.6344E+00 +- 1.8537E-02(m) +- 1.5723E-03(f)
 - bias_LSST_clustering_node3 = 2.0544E+00 +- 2.8471E-02(m) +- 3.5379E-03(f)
 - bias_LSST_clustering_node4 = 2.5575E+00 +- 7.4465E-02(m) +- 9.1759E-03(f)
 - bias_LSST_clustering_node5 = 3.1875E+00 +- 1.1090E+00(m) +- 1.1108E-02(f)
 - bias_LSST_clustering_node6 = 3.7344E+00 +- 8.0564E+00(m) +- 4.1696E-02(f)
 - bias_LSST_clustering_node7 = 4.1344E+00 +- 6.0668E+02(m) +- 6.1099E+00(f)
 - bphz_LSST_clustering_node0 = 0.0000E+00 +- 4.3490E-03(m) +- 2.7388E-04(f)
 - bphz_LSST_clustering_node1 = 0.0000E+00 +- 3.7696E-03(m) +- 1.9345E-04(f)
 - bphz_LSST_clustering_node2 = 0.0000E+00 +- 3.6241E-03(m) +- 1.4458E-04(f)
 - bphz_LSST_clustering_node3 = 0.0000E+00 +- 3.5655E-03(m) +- 1.3519E-04(f)
 - bphz_LSST_clustering_node4 = 0.0000E+00 +- 3.5507E-03(m) +- 1.4939E-04(f)
 - bphz_LSST_clustering_node5 = 0.0000E+00 +- 3.5558E-03(m) +- 1.7474E-04(f)
 - bphz_LSST_clustering_node6 = 0.0000E+00 +- 3.5530E-03(m) +- 2.2657E-04(f)
 - bphz_LSST_clustering_node7 = 0.0000E+00 +- 3.6085E-03(m) +- 3.2181E-04(f)
 - bphz_LSST_clustering_node8 = 0.0000E+00 +- 3.7933E-03(m) +- 9.1492E-04(f)
 - bphz_LSST_clustering_node9 = 0.0000E+00 +- 6.4767E-02(m) +- 5.6170E-03(f)
