 - om = 3.1560E-01 +- 1.4555E-03(m) +- 1.3110E-04(f)
 - s8 = 8.3100E-01 +- 1.4637E-03(m) +- 1.0108E-04(f)
 - ob = 4.9200E-02 +- 7.3755E-04(m) +- 1.7630E-04(f)
 - ns = 9.6450E-01 +- 2.0573E-03(m) +- 4.8954E-04(f)
 - wa = 0.0000E+00 +- 4.2199E-02(m) +- 2.1526E-03(f)
 - w0 = -1.0000E+00 +- 1.1857E-02(m) +- 4.3607E-04(f)
 - bias_LSST_clustering_node0 = 1.2144E+00 +- 9.5304E-03(m) +- 2.8260E-03(f)
 - bias_LSST_clustering_node1 = 1.2144E+00 +- 2.5048E-03(m) +- 5.4637E-04(f)
 - bias_LSST_clustering_node2 = 1.6344E+00 +- 3.7829E-03(m) +- 4.5375E-04(f)
 - bias_LSST_clustering_node3 = 2.0544E+00 +- 5.2012E-03(m) +- 8.2371E-04(f)
 - bias_LSST_clustering_node4 = 2.5575E+00 +- 1.1880E-02(m) +- 2.0667E-03(f)
 - bias_LSST_clustering_node5 = 3.1875E+00 +- 1.6393E-01(m) +- 1.3793E-02(f)
 - bias_LSST_clustering_node6 = 3.7344E+00 +- 1.1359E+00(m) +- 7.3160E-02(f)
 - bias_LSST_clustering_node7 = 4.1344E+00 +- 9.1201E+01(m) +- 1.0513E+01(f)
 - bphz_LSST_clustering_node0 = 0.0000E+00 +- 6.5534E-04(m) +- 1.5930E-04(f)
 - bphz_LSST_clustering_node1 = 0.0000E+00 +- 5.8120E-04(m) +- 6.5013E-05(f)
 - bphz_LSST_clustering_node2 = 0.0000E+00 +- 5.4916E-04(m) +- 4.3588E-05(f)
 - bphz_LSST_clustering_node3 = 0.0000E+00 +- 5.4512E-04(m) +- 3.4556E-05(f)
 - bphz_LSST_clustering_node4 = 0.0000E+00 +- 5.4671E-04(m) +- 3.5499E-05(f)
 - bphz_LSST_clustering_node5 = 0.0000E+00 +- 5.4779E-04(m) +- 4.0540E-05(f)
 - bphz_LSST_clustering_node6 = 0.0000E+00 +- 5.4772E-04(m) +- 5.1635E-05(f)
 - bphz_LSST_clustering_node7 = 0.0000E+00 +- 5.5376E-04(m) +- 7.2486E-05(f)
 - bphz_LSST_clustering_node8 = 0.0000E+00 +- 5.9796E-04(m) +- 1.9838E-04(f)
 - bphz_LSST_clustering_node9 = 0.0000E+00 +- 9.5753E-03(m) +- 1.3297E-03(f)
 - bphz_LSST_survey_node0 = 0.0000E+00 +- 2.2173E-03(m) +- 2.1392E-03(f)
 - bphz_LSST_survey_node1 = 0.0000E+00 +- 1.0020E-03(m) +- 7.5425E-04(f)
 - bphz_LSST_survey_node2 = 0.0000E+00 +- 9.7728E-04(m) +- 7.3603E-04(f)
 - bphz_LSST_survey_node3 = 0.0000E+00 +- 9.5676E-04(m) +- 7.0915E-04(f)
 - bphz_LSST_survey_node4 = 0.0000E+00 +- 9.3671E-04(m) +- 6.7863E-04(f)
 - bphz_LSST_survey_node5 = 0.0000E+00 +- 9.6671E-04(m) +- 7.1925E-04(f)
 - bphz_LSST_survey_node6 = 0.0000E+00 +- 9.2921E-04(m) +- 6.6025E-04(f)
 - bphz_LSST_survey_node7 = 0.0000E+00 +- 1.0210E-03(m) +- 7.6955E-04(f)
 - bphz_LSST_survey_node8 = 0.0000E+00 +- 1.1726E-03(m) +- 6.2476E-04(f)
 - bphz_LSST_survey_node9 = 0.0000E+00 +- 3.1716E-03(m) +- 2.2635E-03(f)
