 - om = 3.1560E-01 +- 2.1219E-03(m) +- 3.2327E-04(f)
 - s8 = 8.3100E-01 +- 3.1776E-03(m) +- 1.0219E-04(f)
 - ob = 4.9200E-02 +- 1.1924E-03(m) +- 1.9223E-04(f)
 - ns = 9.6450E-01 +- 3.5946E-03(m) +- 4.1281E-04(f)
 - wa = 0.0000E+00 +- 9.0850E-02(m) +- 3.1085E-03(f)
 - w0 = -1.0000E+00 +- 1.7660E-02(m) +- 5.5868E-04(f)
 - bias_LSST_clustering_node0 = 1.2144E+00 +- 7.5825E-03(m) +- 1.2300E-03(f)
 - bias_LSST_clustering_node1 = 1.2144E+00 +- 4.6467E-03(m) +- 4.4139E-04(f)
 - bias_LSST_clustering_node2 = 1.6344E+00 +- 6.5953E-03(m) +- 5.5639E-04(f)
 - bias_LSST_clustering_node3 = 2.0544E+00 +- 1.0130E-02(m) +- 1.2518E-03(f)
 - bias_LSST_clustering_node4 = 2.5575E+00 +- 2.7635E-02(m) +- 3.2464E-03(f)
 - bias_LSST_clustering_node5 = 3.1875E+00 +- 4.1296E-01(m) +- 3.9327E-03(f)
 - bias_LSST_clustering_node6 = 3.7344E+00 +- 3.0315E+00(m) +- 1.4760E-02(f)
 - bias_LSST_clustering_node7 = 4.1344E+00 +- 2.2880E+02(m) +- 2.1626E+00(f)
 - bphz_LSST_clustering_node0 = 0.0000E+00 +- 1.5494E-03(m) +- 9.6911E-05(f)
 - bphz_LSST_clustering_node1 = 0.0000E+00 +- 1.3429E-03(m) +- 6.8440E-05(f)
 - bphz_LSST_clustering_node2 = 0.0000E+00 +- 1.2912E-03(m) +- 5.1164E-05(f)
 - bphz_LSST_clustering_node3 = 0.0000E+00 +- 1.2702E-03(m) +- 4.7851E-05(f)
 - bphz_LSST_clustering_node4 = 0.0000E+00 +- 1.2649E-03(m) +- 5.2888E-05(f)
 - bphz_LSST_clustering_node5 = 0.0000E+00 +- 1.2667E-03(m) +- 6.1859E-05(f)
 - bphz_LSST_clustering_node6 = 0.0000E+00 +- 1.2655E-03(m) +- 8.0185E-05(f)
 - bphz_LSST_clustering_node7 = 0.0000E+00 +- 1.2853E-03(m) +- 1.1389E-04(f)
 - bphz_LSST_clustering_node8 = 0.0000E+00 +- 1.3511E-03(m) +- 3.2369E-04(f)
 - bphz_LSST_clustering_node9 = 0.0000E+00 +- 2.4101E-02(m) +- 1.9877E-03(f)
