 - om = 3.1560E-01 +- 2.8214E-03(m) +- 2.1527E-04(f)
 - s8 = 8.3100E-01 +- 2.7434E-03(m) +- 2.1107E-04(f)
 - ob = 4.9200E-02 +- 1.2027E-03(m) +- 3.2572E-04(f)
 - ns = 9.6450E-01 +- 3.5507E-03(m) +- 9.2791E-04(f)
 - wa = 0.0000E+00 +- 7.4891E-02(m) +- 3.8957E-03(f)
 - w0 = -1.0000E+00 +- 2.1921E-02(m) +- 8.2549E-04(f)
 - bias_LSST_clustering_node0 = 1.2144E+00 +- 1.7253E-02(m) +- 4.6301E-03(f)
 - bias_LSST_clustering_node1 = 1.2144E+00 +- 4.6724E-03(m) +- 1.0039E-03(f)
 - bias_LSST_clustering_node2 = 1.6344E+00 +- 6.1670E-03(m) +- 9.7904E-04(f)
 - bias_LSST_clustering_node3 = 2.0544E+00 +- 8.6411E-03(m) +- 1.4804E-03(f)
 - bias_LSST_clustering_node4 = 2.5575E+00 +- 1.7445E-02(m) +- 3.4037E-03(f)
 - bias_LSST_clustering_node5 = 3.1875E+00 +- 2.1868E-01(m) +- 2.0950E-02(f)
 - bias_LSST_clustering_node6 = 3.7344E+00 +- 1.5138E+00(m) +- 1.0581E-01(f)
 - bias_LSST_clustering_node7 = 4.1344E+00 +- 1.2863E+02(m) +- 1.5278E+01(f)
 - bphz_LSST_clustering_node0 = 0.0000E+00 +- 1.1329E-03(m) +- 3.0039E-04(f)
 - bphz_LSST_clustering_node1 = 0.0000E+00 +- 9.8105E-04(m) +- 1.2159E-04(f)
 - bphz_LSST_clustering_node2 = 0.0000E+00 +- 9.3320E-04(m) +- 8.6401E-05(f)
 - bphz_LSST_clustering_node3 = 0.0000E+00 +- 9.2412E-04(m) +- 6.5056E-05(f)
 - bphz_LSST_clustering_node4 = 0.0000E+00 +- 9.2531E-04(m) +- 6.2573E-05(f)
 - bphz_LSST_clustering_node5 = 0.0000E+00 +- 9.2634E-04(m) +- 7.0085E-05(f)
 - bphz_LSST_clustering_node6 = 0.0000E+00 +- 9.2519E-04(m) +- 8.7929E-05(f)
 - bphz_LSST_clustering_node7 = 0.0000E+00 +- 9.3556E-04(m) +- 1.2025E-04(f)
 - bphz_LSST_clustering_node8 = 0.0000E+00 +- 1.0051E-03(m) +- 3.1665E-04(f)
 - bphz_LSST_clustering_node9 = 0.0000E+00 +- 1.2841E-02(m) +- 2.1026E-03(f)
 - bphz_LSST_survey_node0 = 0.0000E+00 +- 3.5073E-03(m) +- 3.3660E-03(f)
 - bphz_LSST_survey_node1 = 0.0000E+00 +- 1.6324E-03(m) +- 1.1920E-03(f)
 - bphz_LSST_survey_node2 = 0.0000E+00 +- 1.5935E-03(m) +- 1.1630E-03(f)
 - bphz_LSST_survey_node3 = 0.0000E+00 +- 1.5568E-03(m) +- 1.1205E-03(f)
 - bphz_LSST_survey_node4 = 0.0000E+00 +- 1.5226E-03(m) +- 1.0723E-03(f)
 - bphz_LSST_survey_node5 = 0.0000E+00 +- 1.5657E-03(m) +- 1.1364E-03(f)
 - bphz_LSST_survey_node6 = 0.0000E+00 +- 1.5046E-03(m) +- 1.0433E-03(f)
 - bphz_LSST_survey_node7 = 0.0000E+00 +- 1.6437E-03(m) +- 1.2160E-03(f)
 - bphz_LSST_survey_node8 = 0.0000E+00 +- 1.8902E-03(m) +- 9.8741E-04(f)
 - bphz_LSST_survey_node9 = 0.0000E+00 +- 5.0438E-03(m) +- 3.5765E-03(f)
