 - om = 3.1560E-01 +- 1.2097E-02(m) +- 1.7435E-03(f)
 - s8 = 8.3100E-01 +- 1.4595E-02(m) +- 7.4762E-04(f)
 - ob = 4.9200E-02 +- 4.0873E-03(m) +- 9.9426E-04(f)
 - ns = 9.6450E-01 +- 1.2835E-02(m) +- 2.9151E-03(f)
 - wa = 0.0000E+00 +- 3.5582E-01(m) +- 1.5657E-02(f)
 - w0 = -1.0000E+00 +- 7.5055E-02(m) +- 3.5609E-03(f)
 - bias_LSST_clustering_node0 = 1.2144E+00 +- 7.8346E-02(m) +- 6.3224E-02(f)
 - bias_LSST_clustering_node1 = 1.2144E+00 +- 2.2091E-02(m) +- 1.0093E-02(f)
 - bias_LSST_clustering_node2 = 1.6344E+00 +- 2.3727E-02(m) +- 4.6854E-03(f)
 - bias_LSST_clustering_node3 = 2.0544E+00 +- 3.7768E-02(m) +- 5.0733E-03(f)
 - bias_LSST_clustering_node4 = 2.5575E+00 +- 4.9192E-02(m) +- 1.0622E-02(f)
 - bias_LSST_clustering_node5 = 3.1875E+00 +- 3.4998E-01(m) +- 4.2488E-02(f)
 - bias_LSST_clustering_node6 = 3.7344E+00 +- 2.3567E+00(m) +- 1.7788E-01(f)
 - bias_LSST_clustering_node7 = 4.1344E+00 +- 2.8559E+02(m) +- 2.6128E+01(f)
 - bphz_LSST_clustering_node0 = 0.0000E+00 +- 6.5577E-03(m) +- 1.6513E-03(f)
 - bphz_LSST_clustering_node1 = 0.0000E+00 +- 5.7469E-03(m) +- 5.4705E-04(f)
 - bphz_LSST_clustering_node2 = 0.0000E+00 +- 5.4491E-03(m) +- 2.9480E-04(f)
 - bphz_LSST_clustering_node3 = 0.0000E+00 +- 5.4045E-03(m) +- 2.1575E-04(f)
 - bphz_LSST_clustering_node4 = 0.0000E+00 +- 5.3819E-03(m) +- 1.9905E-04(f)
 - bphz_LSST_clustering_node5 = 0.0000E+00 +- 5.3890E-03(m) +- 2.2228E-04(f)
 - bphz_LSST_clustering_node6 = 0.0000E+00 +- 5.3702E-03(m) +- 2.7980E-04(f)
 - bphz_LSST_clustering_node7 = 0.0000E+00 +- 5.4421E-03(m) +- 3.7168E-04(f)
 - bphz_LSST_clustering_node8 = 0.0000E+00 +- 5.6022E-03(m) +- 9.4586E-04(f)
 - bphz_LSST_clustering_node9 = 0.0000E+00 +- 2.1846E-02(m) +- 5.9729E-03(f)
