 - om = 3.1560E-01 +- 3.4084E-03(m) +- 5.5133E-04(f)
 - s8 = 8.3100E-01 +- 5.4974E-03(m) +- 2.1221E-04(f)
 - ob = 4.9200E-02 +- 1.3407E-03(m) +- 3.2726E-04(f)
 - ns = 9.6450E-01 +- 4.3657E-03(m) +- 9.4516E-04(f)
 - wa = 0.0000E+00 +- 1.2108E-01(m) +- 4.6891E-03(f)
 - w0 = -1.0000E+00 +- 2.6001E-02(m) +- 1.0234E-03(f)
 - bias_LSST_clustering_node0 = 1.2144E+00 +- 3.2030E-02(m) +- 2.6121E-02(f)
 - bias_LSST_clustering_node1 = 1.2144E+00 +- 7.6792E-03(m) +- 2.5499E-03(f)
 - bias_LSST_clustering_node2 = 1.6344E+00 +- 9.2877E-03(m) +- 1.1723E-03(f)
 - bias_LSST_clustering_node3 = 2.0544E+00 +- 1.3622E-02(m) +- 1.5282E-03(f)
 - bias_LSST_clustering_node4 = 2.5575E+00 +- 2.1657E-02(m) +- 3.4771E-03(f)
 - bias_LSST_clustering_node5 = 3.1875E+00 +- 2.5186E-01(m) +- 2.1107E-02(f)
 - bias_LSST_clustering_node6 = 3.7344E+00 +- 1.7793E+00(m) +- 1.0595E-01(f)
 - bias_LSST_clustering_node7 = 4.1344E+00 +- 1.4989E+02(m) +- 1.5339E+01(f)
 - bphz_LSST_clustering_node0 = 0.0000E+00 +- 2.9237E-03(m) +- 5.3871E-04(f)
 - bphz_LSST_clustering_node1 = 0.0000E+00 +- 2.5512E-03(m) +- 1.6778E-04(f)
 - bphz_LSST_clustering_node2 = 0.0000E+00 +- 2.4179E-03(m) +- 9.0416E-05(f)
 - bphz_LSST_clustering_node3 = 0.0000E+00 +- 2.3979E-03(m) +- 6.6772E-05(f)
 - bphz_LSST_clustering_node4 = 0.0000E+00 +- 2.3877E-03(m) +- 6.3603E-05(f)
 - bphz_LSST_clustering_node5 = 0.0000E+00 +- 2.3902E-03(m) +- 7.1109E-05(f)
 - bphz_LSST_clustering_node6 = 0.0000E+00 +- 2.3806E-03(m) +- 8.9468E-05(f)
 - bphz_LSST_clustering_node7 = 0.0000E+00 +- 2.4108E-03(m) +- 1.2197E-04(f)
 - bphz_LSST_clustering_node8 = 0.0000E+00 +- 2.4611E-03(m) +- 3.2823E-04(f)
 - bphz_LSST_clustering_node9 = 0.0000E+00 +- 1.5136E-02(m) +- 2.1184E-03(f)
