 - om = 3.1560E-01 +- 1.3420E-03(m) +- 2.0446E-04(f)
 - s8 = 8.3100E-01 +- 2.0097E-03(m) +- 6.4628E-05(f)
 - ob = 4.9200E-02 +- 7.5415E-04(m) +- 1.2158E-04(f)
 - ns = 9.6450E-01 +- 2.2734E-03(m) +- 2.6108E-04(f)
 - wa = 0.0000E+00 +- 5.7459E-02(m) +- 1.9660E-03(f)
 - w0 = -1.0000E+00 +- 1.1169E-02(m) +- 3.5334E-04(f)
 - bias_LSST_clustering_node0 = 1.2144E+00 +- 4.7956E-03(m) +- 7.7793E-04(f)
 - bias_LSST_clustering_node1 = 1.2144E+00 +- 2.9388E-03(m) +- 2.7916E-04(f)
 - bias_LSST_clustering_node2 = 1.6344E+00 +- 4.1712E-03(m) +- 3.5189E-04(f)
 - bias_LSST_clustering_node3 = 2.0544E+00 +- 6.4065E-03(m) +- 7.9172E-04(f)
 - bias_LSST_clustering_node4 = 2.5575E+00 +- 1.7478E-02(m) +- 2.0532E-03(f)
 - bias_LSST_clustering_node5 = 3.1875E+00 +- 2.6118E-01(m) +- 2.4873E-03(f)
 - bias_LSST_clustering_node6 = 3.7344E+00 +- 1.9173E+00(m) +- 9.3352E-03(f)
 - bias_LSST_clustering_node7 = 4.1344E+00 +- 1.4471E+02(m) +- 1.3678E+00(f)
 - bphz_LSST_clustering_node0 = 0.0000E+00 +- 9.7993E-04(m) +- 6.1292E-05(f)
 - bphz_LSST_clustering_node1 = 0.0000E+00 +- 8.4935E-04(m) +- 4.3285E-05(f)
 - bphz_LSST_clustering_node2 = 0.0000E+00 +- 8.1660E-04(m) +- 3.2359E-05(f)
 - bphz_LSST_clustering_node3 = 0.0000E+00 +- 8.0335E-04(m) +- 3.0264E-05(f)
 - bphz_LSST_clustering_node4 = 0.0000E+00 +- 8.0002E-04(m) +- 3.3449E-05(f)
 - bphz_LSST_clustering_node5 = 0.0000E+00 +- 8.0114E-04(m) +- 3.9123E-05(f)
 - bphz_LSST_clustering_node6 = 0.0000E+00 +- 8.0040E-04(m) +- 5.0713E-05(f)
 - bphz_LSST_clustering_node7 = 0.0000E+00 +- 8.1288E-04(m) +- 7.2028E-05(f)
 - bphz_LSST_clustering_node8 = 0.0000E+00 +- 8.5451E-04(m) +- 2.0472E-04(f)
 - bphz_LSST_clustering_node9 = 0.0000E+00 +- 1.5243E-02(m) +- 1.2571E-03(f)
