 - om = 3.1560E-01 +- 1.1753E-03(m) +- 1.1671E-04(f)
 - s8 = 8.3100E-01 +- 1.1392E-03(m) +- 6.4556E-05(f)
 - ob = 4.9200E-02 +- 6.6888E-04(m) +- 1.2142E-04(f)
 - ns = 9.6450E-01 +- 1.7294E-03(m) +- 2.6072E-04(f)
 - wa = 0.0000E+00 +- 3.4460E-02(m) +- 1.7926E-03(f)
 - w0 = -1.0000E+00 +- 8.9435E-03(m) +- 3.2714E-04(f)
 - bias_LSST_clustering_node0 = 1.2144E+00 +- 2.3638E-03(m) +- 7.3971E-04(f)
 - bias_LSST_clustering_node1 = 1.2144E+00 +- 2.0125E-03(m) +- 2.5847E-04(f)
 - bias_LSST_clustering_node2 = 1.6344E+00 +- 3.2509E-03(m) +- 3.3482E-04(f)
 - bias_LSST_clustering_node3 = 2.0544E+00 +- 4.5305E-03(m) +- 7.7416E-04(f)
 - bias_LSST_clustering_node4 = 2.5575E+00 +- 1.2984E-02(m) +- 2.0159E-03(f)
 - bias_LSST_clustering_node5 = 3.1875E+00 +- 1.8680E-01(m) +- 2.4862E-03(f)
 - bias_LSST_clustering_node6 = 3.7344E+00 +- 1.3307E+00(m) +- 9.3318E-03(f)
 - bias_LSST_clustering_node7 = 4.1344E+00 +- 1.0256E+02(m) +- 1.3670E+00(f)
 - bphz_LSST_clustering_node0 = 0.0000E+00 +- 3.9521E-04(m) +- 5.8761E-05(f)
 - bphz_LSST_clustering_node1 = 0.0000E+00 +- 3.2979E-04(m) +- 4.0286E-05(f)
 - bphz_LSST_clustering_node2 = 0.0000E+00 +- 3.2614E-04(m) +- 3.1800E-05(f)
 - bphz_LSST_clustering_node3 = 0.0000E+00 +- 3.2055E-04(m) +- 2.9879E-05(f)
 - bphz_LSST_clustering_node4 = 0.0000E+00 +- 3.2498E-04(m) +- 3.3067E-05(f)
 - bphz_LSST_clustering_node5 = 0.0000E+00 +- 3.2585E-04(m) +- 3.8697E-05(f)
 - bphz_LSST_clustering_node6 = 0.0000E+00 +- 3.2797E-04(m) +- 5.0004E-05(f)
 - bphz_LSST_clustering_node7 = 0.0000E+00 +- 3.3627E-04(m) +- 7.1130E-05(f)
 - bphz_LSST_clustering_node8 = 0.0000E+00 +- 3.9039E-04(m) +- 1.9775E-04(f)
 - bphz_LSST_clustering_node9 = 0.0000E+00 +- 1.0930E-02(m) +- 1.2482E-03(f)
 - bphz_LSST_survey_node0 = 0.0000E+00 +- 2.1571E-03(m) +- 2.1300E-03(f)
 - bphz_LSST_survey_node1 = 0.0000E+00 +- 8.3181E-04(m) +- 7.5109E-04(f)
 - bphz_LSST_survey_node2 = 0.0000E+00 +- 8.2035E-04(m) +- 7.3611E-04(f)
 - bphz_LSST_survey_node3 = 0.0000E+00 +- 7.9625E-04(m) +- 7.0936E-04(f)
 - bphz_LSST_survey_node4 = 0.0000E+00 +- 7.7037E-04(m) +- 6.7888E-04(f)
 - bphz_LSST_survey_node5 = 0.0000E+00 +- 8.0939E-04(m) +- 7.1953E-04(f)
 - bphz_LSST_survey_node6 = 0.0000E+00 +- 7.7130E-04(m) +- 6.6051E-04(f)
 - bphz_LSST_survey_node7 = 0.0000E+00 +- 8.9495E-04(m) +- 7.6985E-04(f)
 - bphz_LSST_survey_node8 = 0.0000E+00 +- 1.1024E-03(m) +- 6.2490E-04(f)
 - bphz_LSST_survey_node9 = 0.0000E+00 +- 3.1366E-03(m) +- 2.2636E-03(f)
