 - om = 3.1560E-01 +- 1.5009E-03(m) +- 1.3117E-04(f)
 - s8 = 8.3100E-01 +- 1.5232E-03(m) +- 1.0109E-04(f)
 - ob = 4.9200E-02 +- 7.6281E-04(m) +- 1.7650E-04(f)
 - ns = 9.6450E-01 +- 2.0717E-03(m) +- 4.8978E-04(f)
 - wa = 0.0000E+00 +- 4.2506E-02(m) +- 2.1529E-03(f)
 - w0 = -1.0000E+00 +- 1.1893E-02(m) +- 4.3615E-04(f)
 - bias_LSST_clustering_node0 = 1.2144E+00 +- 9.9977E-03(m) +- 2.8316E-03(f)
 - bias_LSST_clustering_node1 = 1.2144E+00 +- 2.5347E-03(m) +- 5.4659E-04(f)
 - bias_LSST_clustering_node2 = 1.6344E+00 +- 3.8137E-03(m) +- 4.5382E-04(f)
 - bias_LSST_clustering_node3 = 2.0544E+00 +- 5.2411E-03(m) +- 8.2376E-04(f)
 - bias_LSST_clustering_node4 = 2.5575E+00 +- 1.3430E-02(m) +- 2.0668E-03(f)
 - bias_LSST_clustering_node5 = 3.1875E+00 +- 1.9348E-01(m) +- 1.3824E-02(f)
 - bias_LSST_clustering_node6 = 3.7344E+00 +- 1.3498E+00(m) +- 7.3593E-02(f)
 - bias_LSST_clustering_node7 = 4.1344E+00 +- 1.0392E+02(m) +- 1.0559E+01(f)
 - bphz_LSST_clustering_node0 = 0.0000E+00 +- 7.1462E-04(m) +- 1.6068E-04(f)
 - bphz_LSST_clustering_node1 = 0.0000E+00 +- 6.2846E-04(m) +- 6.5030E-05(f)
 - bphz_LSST_clustering_node2 = 0.0000E+00 +- 5.9437E-04(m) +- 4.3593E-05(f)
 - bphz_LSST_clustering_node3 = 0.0000E+00 +- 5.8966E-04(m) +- 3.4559E-05(f)
 - bphz_LSST_clustering_node4 = 0.0000E+00 +- 5.9117E-04(m) +- 3.5502E-05(f)
 - bphz_LSST_clustering_node5 = 0.0000E+00 +- 5.9197E-04(m) +- 4.0543E-05(f)
 - bphz_LSST_clustering_node6 = 0.0000E+00 +- 5.9139E-04(m) +- 5.1638E-05(f)
 - bphz_LSST_clustering_node7 = 0.0000E+00 +- 5.9733E-04(m) +- 7.2490E-05(f)
 - bphz_LSST_clustering_node8 = 0.0000E+00 +- 6.3891E-04(m) +- 1.9839E-04(f)
 - bphz_LSST_clustering_node9 = 0.0000E+00 +- 1.1254E-02(m) +- 1.3298E-03(f)
 - bphz_LSST_survey_node0 = 0.0000E+00 +- 2.2357E-03(m) +- 2.1465E-03(f)
 - bphz_LSST_survey_node1 = 0.0000E+00 +- 1.0396E-03(m) +- 7.5475E-04(f)
 - bphz_LSST_survey_node2 = 0.0000E+00 +- 1.0135E-03(m) +- 7.3642E-04(f)
 - bphz_LSST_survey_node3 = 0.0000E+00 +- 9.9212E-04(m) +- 7.0950E-04(f)
 - bphz_LSST_survey_node4 = 0.0000E+00 +- 9.7150E-04(m) +- 6.7895E-04(f)
 - bphz_LSST_survey_node5 = 0.0000E+00 +- 9.9860E-04(m) +- 7.1958E-04(f)
 - bphz_LSST_survey_node6 = 0.0000E+00 +- 9.5957E-04(m) +- 6.6054E-04(f)
 - bphz_LSST_survey_node7 = 0.0000E+00 +- 1.0447E-03(m) +- 7.6987E-04(f)
 - bphz_LSST_survey_node8 = 0.0000E+00 +- 1.1893E-03(m) +- 6.2497E-04(f)
 - bphz_LSST_survey_node9 = 0.0000E+00 +- 3.2321E-03(m) +- 2.2643E-03(f)
