 - om = 3.1560E-01 +- 1.6503E-03(m) +- 2.8503E-04(f)
 - s8 = 8.3100E-01 +- 3.2477E-03(m) +- 1.0140E-04(f)
 - ob = 4.9200E-02 +- 8.0318E-04(m) +- 1.7713E-04(f)
 - ns = 9.6450E-01 +- 2.5953E-03(m) +- 4.9635E-04(f)
 - wa = 0.0000E+00 +- 6.8407E-02(m) +- 2.4675E-03(f)
 - w0 = -1.0000E+00 +- 1.5362E-02(m) +- 5.0249E-04(f)
 - bias_LSST_clustering_node0 = 1.2144E+00 +- 1.6801E-02(m) +- 1.0948E-02(f)
 - bias_LSST_clustering_node1 = 1.2144E+00 +- 4.2534E-03(m) +- 8.9948E-04(f)
 - bias_LSST_clustering_node2 = 1.6344E+00 +- 5.6524E-03(m) +- 4.9698E-04(f)
 - bias_LSST_clustering_node3 = 2.0544E+00 +- 8.2841E-03(m) +- 8.4460E-04(f)
 - bias_LSST_clustering_node4 = 2.5575E+00 +- 1.9251E-02(m) +- 2.1072E-03(f)
 - bias_LSST_clustering_node5 = 3.1875E+00 +- 2.7852E-01(m) +- 1.3935E-02(f)
 - bias_LSST_clustering_node6 = 3.7344E+00 +- 1.9967E+00(m) +- 7.3700E-02(f)
 - bias_LSST_clustering_node7 = 4.1344E+00 +- 1.4973E+02(m) +- 1.0608E+01(f)
 - bphz_LSST_clustering_node0 = 0.0000E+00 +- 1.8042E-03(m) +- 2.3789E-04(f)
 - bphz_LSST_clustering_node1 = 0.0000E+00 +- 1.5827E-03(m) +- 7.9533E-05(f)
 - bphz_LSST_clustering_node2 = 0.0000E+00 +- 1.4987E-03(m) +- 4.4912E-05(f)
 - bphz_LSST_clustering_node3 = 0.0000E+00 +- 1.4845E-03(m) +- 3.5177E-05(f)
 - bphz_LSST_clustering_node4 = 0.0000E+00 +- 1.4789E-03(m) +- 3.5973E-05(f)
 - bphz_LSST_clustering_node5 = 0.0000E+00 +- 1.4792E-03(m) +- 4.1037E-05(f)
 - bphz_LSST_clustering_node6 = 0.0000E+00 +- 1.4740E-03(m) +- 5.2419E-05(f)
 - bphz_LSST_clustering_node7 = 0.0000E+00 +- 1.4930E-03(m) +- 7.3440E-05(f)
 - bphz_LSST_clustering_node8 = 0.0000E+00 +- 1.5215E-03(m) +- 2.0544E-04(f)
 - bphz_LSST_clustering_node9 = 0.0000E+00 +- 1.6461E-02(m) +- 1.3398E-03(f)
