 - om = 3.1560E-01 +- 1.6447E-03(m) +- 2.8481E-04(f)
 - s8 = 8.3100E-01 +- 3.0990E-03(m) +- 1.0139E-04(f)
 - ob = 4.9200E-02 +- 7.8440E-04(m) +- 1.7693E-04(f)
 - ns = 9.6450E-01 +- 2.5374E-03(m) +- 4.9610E-04(f)
 - wa = 0.0000E+00 +- 6.8180E-02(m) +- 2.4672E-03(f)
 - w0 = -1.0000E+00 +- 1.5254E-02(m) +- 5.0244E-04(f)
 - bias_LSST_clustering_node0 = 1.2144E+00 +- 1.6540E-02(m) +- 1.0872E-02(f)
 - bias_LSST_clustering_node1 = 1.2144E+00 +- 4.1247E-03(m) +- 8.9916E-04(f)
 - bias_LSST_clustering_node2 = 1.6344E+00 +- 5.4881E-03(m) +- 4.9694E-04(f)
 - bias_LSST_clustering_node3 = 2.0544E+00 +- 8.1174E-03(m) +- 8.4456E-04(f)
 - bias_LSST_clustering_node4 = 2.5575E+00 +- 1.5309E-02(m) +- 2.1071E-03(f)
 - bias_LSST_clustering_node5 = 3.1875E+00 +- 2.0480E-01(m) +- 1.3904E-02(f)
 - bias_LSST_clustering_node6 = 3.7344E+00 +- 1.4534E+00(m) +- 7.3270E-02(f)
 - bias_LSST_clustering_node7 = 4.1344E+00 +- 1.1455E+02(m) +- 1.0561E+01(f)
 - bphz_LSST_clustering_node0 = 0.0000E+00 +- 1.6982E-03(m) +- 2.3738E-04(f)
 - bphz_LSST_clustering_node1 = 0.0000E+00 +- 1.4953E-03(m) +- 7.9522E-05(f)
 - bphz_LSST_clustering_node2 = 0.0000E+00 +- 1.4150E-03(m) +- 4.4908E-05(f)
 - bphz_LSST_clustering_node3 = 0.0000E+00 +- 1.4018E-03(m) +- 3.5175E-05(f)
 - bphz_LSST_clustering_node4 = 0.0000E+00 +- 1.3965E-03(m) +- 3.5970E-05(f)
 - bphz_LSST_clustering_node5 = 0.0000E+00 +- 1.3969E-03(m) +- 4.1034E-05(f)
 - bphz_LSST_clustering_node6 = 0.0000E+00 +- 1.3921E-03(m) +- 5.2416E-05(f)
 - bphz_LSST_clustering_node7 = 0.0000E+00 +- 1.4101E-03(m) +- 7.3436E-05(f)
 - bphz_LSST_clustering_node8 = 0.0000E+00 +- 1.4398E-03(m) +- 2.0544E-04(f)
 - bphz_LSST_clustering_node9 = 0.0000E+00 +- 1.2147E-02(m) +- 1.3396E-03(f)
