 - om = 3.1560E-01 +- 3.0105E-03(m) +- 2.1557E-04(f)
 - s8 = 8.3100E-01 +- 3.0086E-03(m) +- 2.1116E-04(f)
 - ob = 4.9200E-02 +- 1.2996E-03(m) +- 3.2702E-04(f)
 - ns = 9.6450E-01 +- 3.5901E-03(m) +- 9.2957E-04(f)
 - wa = 0.0000E+00 +- 7.5794E-02(m) +- 3.8978E-03(f)
 - w0 = -1.0000E+00 +- 2.2128E-02(m) +- 8.2602E-04(f)
 - bias_LSST_clustering_node0 = 1.2144E+00 +- 1.9487E-02(m) +- 4.6570E-03(f)
 - bias_LSST_clustering_node1 = 1.2144E+00 +- 4.7771E-03(m) +- 1.0053E-03(f)
 - bias_LSST_clustering_node2 = 1.6344E+00 +- 6.3142E-03(m) +- 9.7971E-04(f)
 - bias_LSST_clustering_node3 = 2.0544E+00 +- 8.8587E-03(m) +- 1.4807E-03(f)
 - bias_LSST_clustering_node4 = 2.5575E+00 +- 2.1865E-02(m) +- 3.4041E-03(f)
 - bias_LSST_clustering_node5 = 3.1875E+00 +- 3.0590E-01(m) +- 2.1057E-02(f)
 - bias_LSST_clustering_node6 = 3.7344E+00 +- 2.1460E+00(m) +- 1.0713E-01(f)
 - bias_LSST_clustering_node7 = 4.1344E+00 +- 1.6534E+02(m) +- 1.5421E+01(f)
 - bphz_LSST_clustering_node0 = 0.0000E+00 +- 1.4091E-03(m) +- 3.0826E-04(f)
 - bphz_LSST_clustering_node1 = 0.0000E+00 +- 1.1874E-03(m) +- 1.2171E-04(f)
 - bphz_LSST_clustering_node2 = 0.0000E+00 +- 1.1309E-03(m) +- 8.6441E-05(f)
 - bphz_LSST_clustering_node3 = 0.0000E+00 +- 1.1190E-03(m) +- 6.5077E-05(f)
 - bphz_LSST_clustering_node4 = 0.0000E+00 +- 1.1198E-03(m) +- 6.2590E-05(f)
 - bphz_LSST_clustering_node5 = 0.0000E+00 +- 1.1197E-03(m) +- 7.0101E-05(f)
 - bphz_LSST_clustering_node6 = 0.0000E+00 +- 1.1167E-03(m) +- 8.7946E-05(f)
 - bphz_LSST_clustering_node7 = 0.0000E+00 +- 1.1271E-03(m) +- 1.2027E-04(f)
 - bphz_LSST_clustering_node8 = 0.0000E+00 +- 1.1869E-03(m) +- 3.1670E-04(f)
 - bphz_LSST_clustering_node9 = 0.0000E+00 +- 1.7772E-02(m) +- 2.1032E-03(f)
 - bphz_LSST_survey_node0 = 0.0000E+00 +- 3.5919E-03(m) +- 3.3965E-03(f)
 - bphz_LSST_survey_node1 = 0.0000E+00 +- 1.8133E-03(m) +- 1.1942E-03(f)
 - bphz_LSST_survey_node2 = 0.0000E+00 +- 1.7675E-03(m) +- 1.1645E-03(f)
 - bphz_LSST_survey_node3 = 0.0000E+00 +- 1.7238E-03(m) +- 1.1219E-03(f)
 - bphz_LSST_survey_node4 = 0.0000E+00 +- 1.6850E-03(m) +- 1.0735E-03(f)
 - bphz_LSST_survey_node5 = 0.0000E+00 +- 1.7149E-03(m) +- 1.1378E-03(f)
 - bphz_LSST_survey_node6 = 0.0000E+00 +- 1.6467E-03(m) +- 1.0444E-03(f)
 - bphz_LSST_survey_node7 = 0.0000E+00 +- 1.7561E-03(m) +- 1.2173E-03(f)
 - bphz_LSST_survey_node8 = 0.0000E+00 +- 1.9550E-03(m) +- 9.8827E-04(f)
 - bphz_LSST_survey_node9 = 0.0000E+00 +- 5.2278E-03(m) +- 3.5796E-03(f)
