 - om = 3.1560E-01 +- 1.8584E-03(m) +- 1.8454E-04(f)
 - s8 = 8.3100E-01 +- 1.8012E-03(m) +- 1.0207E-04(f)
 - ob = 4.9200E-02 +- 1.0576E-03(m) +- 1.9199E-04(f)
 - ns = 9.6450E-01 +- 2.7344E-03(m) +- 4.1223E-04(f)
 - wa = 0.0000E+00 +- 5.4486E-02(m) +- 2.8344E-03(f)
 - w0 = -1.0000E+00 +- 1.4141E-02(m) +- 5.1726E-04(f)
 - bias_LSST_clustering_node0 = 1.2144E+00 +- 3.7375E-03(m) +- 1.1696E-03(f)
 - bias_LSST_clustering_node1 = 1.2144E+00 +- 3.1820E-03(m) +- 4.0868E-04(f)
 - bias_LSST_clustering_node2 = 1.6344E+00 +- 5.1401E-03(m) +- 5.2940E-04(f)
 - bias_LSST_clustering_node3 = 2.0544E+00 +- 7.1634E-03(m) +- 1.2240E-03(f)
 - bias_LSST_clustering_node4 = 2.5575E+00 +- 2.0530E-02(m) +- 3.1874E-03(f)
 - bias_LSST_clustering_node5 = 3.1875E+00 +- 2.9535E-01(m) +- 3.9310E-03(f)
 - bias_LSST_clustering_node6 = 3.7344E+00 +- 2.1041E+00(m) +- 1.4755E-02(f)
 - bias_LSST_clustering_node7 = 4.1344E+00 +- 1.6217E+02(m) +- 2.1614E+00(f)
 - bphz_LSST_clustering_node0 = 0.0000E+00 +- 6.2489E-04(m) +- 9.2910E-05(f)
 - bphz_LSST_clustering_node1 = 0.0000E+00 +- 5.2144E-04(m) +- 6.3697E-05(f)
 - bphz_LSST_clustering_node2 = 0.0000E+00 +- 5.1567E-04(m) +- 5.0280E-05(f)
 - bphz_LSST_clustering_node3 = 0.0000E+00 +- 5.0683E-04(m) +- 4.7243E-05(f)
 - bphz_LSST_clustering_node4 = 0.0000E+00 +- 5.1383E-04(m) +- 5.2284E-05(f)
 - bphz_LSST_clustering_node5 = 0.0000E+00 +- 5.1522E-04(m) +- 6.1185E-05(f)
 - bphz_LSST_clustering_node6 = 0.0000E+00 +- 5.1856E-04(m) +- 7.9064E-05(f)
 - bphz_LSST_clustering_node7 = 0.0000E+00 +- 5.3169E-04(m) +- 1.1247E-04(f)
 - bphz_LSST_clustering_node8 = 0.0000E+00 +- 6.1726E-04(m) +- 3.1268E-04(f)
 - bphz_LSST_clustering_node9 = 0.0000E+00 +- 1.7282E-02(m) +- 1.9736E-03(f)
 - bphz_LSST_survey_node0 = 0.0000E+00 +- 3.4107E-03(m) +- 3.3679E-03(f)
 - bphz_LSST_survey_node1 = 0.0000E+00 +- 1.3152E-03(m) +- 1.1876E-03(f)
 - bphz_LSST_survey_node2 = 0.0000E+00 +- 1.2971E-03(m) +- 1.1639E-03(f)
 - bphz_LSST_survey_node3 = 0.0000E+00 +- 1.2590E-03(m) +- 1.1216E-03(f)
 - bphz_LSST_survey_node4 = 0.0000E+00 +- 1.2181E-03(m) +- 1.0734E-03(f)
 - bphz_LSST_survey_node5 = 0.0000E+00 +- 1.2798E-03(m) +- 1.1377E-03(f)
 - bphz_LSST_survey_node6 = 0.0000E+00 +- 1.2195E-03(m) +- 1.0444E-03(f)
 - bphz_LSST_survey_node7 = 0.0000E+00 +- 1.4150E-03(m) +- 1.2172E-03(f)
 - bphz_LSST_survey_node8 = 0.0000E+00 +- 1.7430E-03(m) +- 9.8805E-04(f)
 - bphz_LSST_survey_node9 = 0.0000E+00 +- 4.9594E-03(m) +- 3.5791E-03(f)
