 - om = 3.1560E-01 +- 1.1752E-03(m) +- 1.1667E-04(f)
 - s8 = 8.3100E-01 +- 1.1390E-03(m) +- 6.4554E-05(f)
 - ob = 4.9200E-02 +- 6.6645E-04(m) +- 1.2136E-04(f)
 - ns = 9.6450E-01 +- 1.7278E-03(m) +- 2.6068E-04(f)
 - wa = 0.0000E+00 +- 3.4450E-02(m) +- 1.7924E-03(f)
 - w0 = -1.0000E+00 +- 8.9405E-03(m) +- 3.2711E-04(f)
 - bias_LSST_clustering_node0 = 1.2144E+00 +- 2.3629E-03(m) +- 7.3965E-04(f)
 - bias_LSST_clustering_node1 = 1.2144E+00 +- 2.0111E-03(m) +- 2.5845E-04(f)
 - bias_LSST_clustering_node2 = 1.6344E+00 +- 3.2489E-03(m) +- 3.3479E-04(f)
 - bias_LSST_clustering_node3 = 2.0544E+00 +- 4.5283E-03(m) +- 7.7411E-04(f)
 - bias_LSST_clustering_node4 = 2.5575E+00 +- 1.2964E-02(m) +- 2.0158E-03(f)
 - bias_LSST_clustering_node5 = 3.1875E+00 +- 1.8650E-01(m) +- 2.4860E-03(f)
 - bias_LSST_clustering_node6 = 3.7344E+00 +- 1.3281E+00(m) +- 9.3312E-03(f)
 - bias_LSST_clustering_node7 = 4.1344E+00 +- 1.0236E+02(m) +- 1.3669E+00(f)
 - bphz_LSST_clustering_node0 = 0.0000E+00 +- 3.9513E-04(m) +- 5.8756E-05(f)
 - bphz_LSST_clustering_node1 = 0.0000E+00 +- 3.2972E-04(m) +- 4.0282E-05(f)
 - bphz_LSST_clustering_node2 = 0.0000E+00 +- 3.2607E-04(m) +- 3.1798E-05(f)
 - bphz_LSST_clustering_node3 = 0.0000E+00 +- 3.2049E-04(m) +- 2.9877E-05(f)
 - bphz_LSST_clustering_node4 = 0.0000E+00 +- 3.2491E-04(m) +- 3.3065E-05(f)
 - bphz_LSST_clustering_node5 = 0.0000E+00 +- 3.2579E-04(m) +- 3.8694E-05(f)
 - bphz_LSST_clustering_node6 = 0.0000E+00 +- 3.2791E-04(m) +- 5.0001E-05(f)
 - bphz_LSST_clustering_node7 = 0.0000E+00 +- 3.3621E-04(m) +- 7.1126E-05(f)
 - bphz_LSST_clustering_node8 = 0.0000E+00 +- 3.9032E-04(m) +- 1.9774E-04(f)
 - bphz_LSST_clustering_node9 = 0.0000E+00 +- 1.0913E-02(m) +- 1.2482E-03(f)
 - bphz_LSST_survey_node0 = 0.0000E+00 +- 2.1557E-03(m) +- 2.1286E-03(f)
 - bphz_LSST_survey_node1 = 0.0000E+00 +- 8.3141E-04(m) +- 7.5068E-04(f)
 - bphz_LSST_survey_node2 = 0.0000E+00 +- 8.1998E-04(m) +- 7.3573E-04(f)
 - bphz_LSST_survey_node3 = 0.0000E+00 +- 7.9590E-04(m) +- 7.0902E-04(f)
 - bphz_LSST_survey_node4 = 0.0000E+00 +- 7.7004E-04(m) +- 6.7856E-04(f)
 - bphz_LSST_survey_node5 = 0.0000E+00 +- 8.0905E-04(m) +- 7.1921E-04(f)
 - bphz_LSST_survey_node6 = 0.0000E+00 +- 7.7098E-04(m) +- 6.6022E-04(f)
 - bphz_LSST_survey_node7 = 0.0000E+00 +- 8.9458E-04(m) +- 7.6953E-04(f)
 - bphz_LSST_survey_node8 = 0.0000E+00 +- 1.1019E-03(m) +- 6.2468E-04(f)
 - bphz_LSST_survey_node9 = 0.0000E+00 +- 3.1352E-03(m) +- 2.2628E-03(f)
