 - om = 3.1560E-01 +- 8.9166E-03(m) +- 6.1317E-04(f)
 - s8 = 8.3100E-01 +- 8.1990E-03(m) +- 7.4158E-04(f)
 - ob = 4.9200E-02 +- 3.2653E-03(m) +- 9.8856E-04(f)
 - ns = 9.6450E-01 +- 1.0448E-02(m) +- 2.8539E-03(f)
 - wa = 0.0000E+00 +- 2.2553E-01(m) +- 1.2256E-02(f)
 - w0 = -1.0000E+00 +- 6.5921E-02(m) +- 2.6390E-03(f)
 - bias_LSST_clustering_node0 = 1.2144E+00 +- 4.4706E-02(m) +- 1.2575E-02(f)
 - bias_LSST_clustering_node1 = 1.2144E+00 +- 1.4827E-02(m) +- 2.9353E-03(f)
 - bias_LSST_clustering_node2 = 1.6344E+00 +- 1.7085E-02(m) +- 3.4248E-03(f)
 - bias_LSST_clustering_node3 = 2.0544E+00 +- 2.4796E-02(m) +- 4.8561E-03(f)
 - bias_LSST_clustering_node4 = 2.5575E+00 +- 3.9621E-02(m) +- 1.0353E-02(f)
 - bias_LSST_clustering_node5 = 3.1875E+00 +- 3.3049E-01(m) +- 4.2315E-02(f)
 - bias_LSST_clustering_node6 = 3.7344E+00 +- 2.2333E+00(m) +- 1.7774E-01(f)
 - bias_LSST_clustering_node7 = 4.1344E+00 +- 2.6435E+02(m) +- 2.6078E+01(f)
 - bphz_LSST_clustering_node0 = 0.0000E+00 +- 2.6488E-03(m) +- 8.4480E-04(f)
 - bphz_LSST_clustering_node1 = 0.0000E+00 +- 2.4027E-03(m) +- 3.6573E-04(f)
 - bphz_LSST_clustering_node2 = 0.0000E+00 +- 2.3008E-03(m) +- 2.7743E-04(f)
 - bphz_LSST_clustering_node3 = 0.0000E+00 +- 2.2742E-03(m) +- 2.0853E-04(f)
 - bphz_LSST_clustering_node4 = 0.0000E+00 +- 2.2782E-03(m) +- 1.9506E-04(f)
 - bphz_LSST_clustering_node5 = 0.0000E+00 +- 2.2800E-03(m) +- 2.1834E-04(f)
 - bphz_LSST_clustering_node6 = 0.0000E+00 +- 2.2808E-03(m) +- 2.7392E-04(f)
 - bphz_LSST_clustering_node7 = 0.0000E+00 +- 2.3114E-03(m) +- 3.6560E-04(f)
 - bphz_LSST_clustering_node8 = 0.0000E+00 +- 2.5467E-03(m) +- 9.1044E-04(f)
 - bphz_LSST_clustering_node9 = 0.0000E+00 +- 2.0215E-02(m) +- 5.9280E-03(f)
 - bphz_LSST_survey_node0 = 0.0000E+00 +- 9.5055E-03(m) +- 9.1849E-03(f)
 - bphz_LSST_survey_node1 = 0.0000E+00 +- 4.2576E-03(m) +- 3.3280E-03(f)
 - bphz_LSST_survey_node2 = 0.0000E+00 +- 4.1664E-03(m) +- 3.2577E-03(f)
 - bphz_LSST_survey_node3 = 0.0000E+00 +- 4.0744E-03(m) +- 3.1408E-03(f)
 - bphz_LSST_survey_node4 = 0.0000E+00 +- 3.9804E-03(m) +- 3.0072E-03(f)
 - bphz_LSST_survey_node5 = 0.0000E+00 +- 4.1216E-03(m) +- 3.1883E-03(f)
 - bphz_LSST_survey_node6 = 0.0000E+00 +- 3.9569E-03(m) +- 2.9281E-03(f)
 - bphz_LSST_survey_node7 = 0.0000E+00 +- 4.4072E-03(m) +- 3.4139E-03(f)
 - bphz_LSST_survey_node8 = 0.0000E+00 +- 5.2693E-03(m) +- 2.7762E-03(f)
 - bphz_LSST_survey_node9 = 0.0000E+00 +- 1.4117E-02(m) +- 1.0055E-02(f)
