 - om = 3.1560E-01 +- 1.0276E-02(m) +- 6.2020E-04(f)
 - s8 = 8.3100E-01 +- 9.9663E-03(m) +- 7.4549E-04(f)
 - ob = 4.9200E-02 +- 3.9730E-03(m) +- 1.0268E-03(f)
 - ns = 9.6450E-01 +- 1.0792E-02(m) +- 2.9025E-03(f)
 - wa = 0.0000E+00 +- 2.3228E-01(m) +- 1.2323E-02(f)
 - w0 = -1.0000E+00 +- 6.8440E-02(m) +- 2.6567E-03(f)
 - bias_LSST_clustering_node0 = 1.2144E+00 +- 5.9061E-02(m) +- 1.3046E-02(f)
 - bias_LSST_clustering_node1 = 1.2144E+00 +- 1.5793E-02(m) +- 2.9719E-03(f)
 - bias_LSST_clustering_node2 = 1.6344E+00 +- 1.8097E-02(m) +- 3.4537E-03(f)
 - bias_LSST_clustering_node3 = 2.0544E+00 +- 2.6386E-02(m) +- 4.8673E-03(f)
 - bias_LSST_clustering_node4 = 2.5575E+00 +- 6.4152E-02(m) +- 1.0367E-02(f)
 - bias_LSST_clustering_node5 = 3.1875E+00 +- 8.5507E-01(m) +- 4.3222E-02(f)
 - bias_LSST_clustering_node6 = 3.7344E+00 +- 6.0895E+00(m) +- 1.8406E-01(f)
 - bias_LSST_clustering_node7 = 4.1344E+00 +- 4.7012E+02(m) +- 2.6792E+01(f)
 - bphz_LSST_clustering_node0 = 0.0000E+00 +- 4.4068E-03(m) +- 9.3133E-04(f)
 - bphz_LSST_clustering_node1 = 0.0000E+00 +- 3.6724E-03(m) +- 3.6910E-04(f)
 - bphz_LSST_clustering_node2 = 0.0000E+00 +- 3.5069E-03(m) +- 2.7881E-04(f)
 - bphz_LSST_clustering_node3 = 0.0000E+00 +- 3.4654E-03(m) +- 2.0928E-04(f)
 - bphz_LSST_clustering_node4 = 0.0000E+00 +- 3.4653E-03(m) +- 1.9559E-04(f)
 - bphz_LSST_clustering_node5 = 0.0000E+00 +- 3.4603E-03(m) +- 2.1886E-04(f)
 - bphz_LSST_clustering_node6 = 0.0000E+00 +- 3.4502E-03(m) +- 2.7444E-04(f)
 - bphz_LSST_clustering_node7 = 0.0000E+00 +- 3.4809E-03(m) +- 3.6618E-04(f)
 - bphz_LSST_clustering_node8 = 0.0000E+00 +- 3.6488E-03(m) +- 9.1167E-04(f)
 - bphz_LSST_clustering_node9 = 0.0000E+00 +- 4.9709E-02(m) +- 5.9406E-03(f)
 - bphz_LSST_survey_node0 = 0.0000E+00 +- 1.0264E-02(m) +- 9.6033E-03(f)
 - bphz_LSST_survey_node1 = 0.0000E+00 +- 5.3956E-03(m) +- 3.3773E-03(f)
 - bphz_LSST_survey_node2 = 0.0000E+00 +- 5.2510E-03(m) +- 3.2940E-03(f)
 - bphz_LSST_survey_node3 = 0.0000E+00 +- 5.1080E-03(m) +- 3.1732E-03(f)
 - bphz_LSST_survey_node4 = 0.0000E+00 +- 4.9806E-03(m) +- 3.0365E-03(f)
 - bphz_LSST_survey_node5 = 0.0000E+00 +- 5.0398E-03(m) +- 3.2181E-03(f)
 - bphz_LSST_survey_node6 = 0.0000E+00 +- 4.8314E-03(m) +- 2.9541E-03(f)
 - bphz_LSST_survey_node7 = 0.0000E+00 +- 5.1068E-03(m) +- 3.4430E-03(f)
 - bphz_LSST_survey_node8 = 0.0000E+00 +- 5.6850E-03(m) +- 2.7957E-03(f)
 - bphz_LSST_survey_node9 = 0.0000E+00 +- 1.5148E-02(m) +- 1.0124E-02(f)
