 - om = 3.1560E-01 +- 5.2563E-03(m) +- 5.2197E-04(f)
 - s8 = 8.3100E-01 +- 5.0946E-03(m) +- 2.8870E-04(f)
 - ob = 4.9200E-02 +- 2.9913E-03(m) +- 5.4302E-04(f)
 - ns = 9.6450E-01 +- 7.7340E-03(m) +- 1.1660E-03(f)
 - wa = 0.0000E+00 +- 1.5411E-01(m) +- 8.0168E-03(f)
 - w0 = -1.0000E+00 +- 3.9996E-02(m) +- 1.4630E-03(f)
 - bias_LSST_clustering_node0 = 1.2144E+00 +- 1.0571E-02(m) +- 3.3081E-03(f)
 - bias_LSST_clustering_node1 = 1.2144E+00 +- 9.0000E-03(m) +- 1.1559E-03(f)
 - bias_LSST_clustering_node2 = 1.6344E+00 +- 1.4538E-02(m) +- 1.4974E-03(f)
 - bias_LSST_clustering_node3 = 2.0544E+00 +- 2.0261E-02(m) +- 3.4621E-03(f)
 - bias_LSST_clustering_node4 = 2.5575E+00 +- 5.8067E-02(m) +- 9.0154E-03(f)
 - bias_LSST_clustering_node5 = 3.1875E+00 +- 8.3538E-01(m) +- 1.1118E-02(f)
 - bias_LSST_clustering_node6 = 3.7344E+00 +- 5.9513E+00(m) +- 4.1733E-02(f)
 - bias_LSST_clustering_node7 = 4.1344E+00 +- 4.5868E+02(m) +- 6.1135E+00(f)
 - bphz_LSST_clustering_node0 = 0.0000E+00 +- 1.7674E-03(m) +- 2.6279E-04(f)
 - bphz_LSST_clustering_node1 = 0.0000E+00 +- 1.4749E-03(m) +- 1.8016E-04(f)
 - bphz_LSST_clustering_node2 = 0.0000E+00 +- 1.4585E-03(m) +- 1.4221E-04(f)
 - bphz_LSST_clustering_node3 = 0.0000E+00 +- 1.4335E-03(m) +- 1.3362E-04(f)
 - bphz_LSST_clustering_node4 = 0.0000E+00 +- 1.4533E-03(m) +- 1.4788E-04(f)
 - bphz_LSST_clustering_node5 = 0.0000E+00 +- 1.4573E-03(m) +- 1.7306E-04(f)
 - bphz_LSST_clustering_node6 = 0.0000E+00 +- 1.4667E-03(m) +- 2.2363E-04(f)
 - bphz_LSST_clustering_node7 = 0.0000E+00 +- 1.5038E-03(m) +- 3.1810E-04(f)
 - bphz_LSST_clustering_node8 = 0.0000E+00 +- 1.7459E-03(m) +- 8.8439E-04(f)
 - bphz_LSST_clustering_node9 = 0.0000E+00 +- 4.8881E-02(m) +- 5.5822E-03(f)
 - bphz_LSST_survey_node0 = 0.0000E+00 +- 9.6469E-03(m) +- 9.5257E-03(f)
 - bphz_LSST_survey_node1 = 0.0000E+00 +- 3.7200E-03(m) +- 3.3590E-03(f)
 - bphz_LSST_survey_node2 = 0.0000E+00 +- 3.6687E-03(m) +- 3.2920E-03(f)
 - bphz_LSST_survey_node3 = 0.0000E+00 +- 3.5609E-03(m) +- 3.1724E-03(f)
 - bphz_LSST_survey_node4 = 0.0000E+00 +- 3.4452E-03(m) +- 3.0360E-03(f)
 - bphz_LSST_survey_node5 = 0.0000E+00 +- 3.6197E-03(m) +- 3.2179E-03(f)
 - bphz_LSST_survey_node6 = 0.0000E+00 +- 3.4494E-03(m) +- 2.9539E-03(f)
 - bphz_LSST_survey_node7 = 0.0000E+00 +- 4.0023E-03(m) +- 3.4429E-03(f)
 - bphz_LSST_survey_node8 = 0.0000E+00 +- 4.9299E-03(m) +- 2.7946E-03(f)
 - bphz_LSST_survey_node9 = 0.0000E+00 +- 1.4027E-02(m) +- 1.0123E-02(f)
