 - om = 3.1560E-01 +- 3.4332E-03(m) +- 5.5292E-04(f)
 - s8 = 8.3100E-01 +- 6.1455E-03(m) +- 2.1229E-04(f)
 - ob = 4.9200E-02 +- 1.3863E-03(m) +- 3.2855E-04(f)
 - ns = 9.6450E-01 +- 4.5410E-03(m) +- 9.4685E-04(f)
 - wa = 0.0000E+00 +- 1.2275E-01(m) +- 4.6907E-03(f)
 - w0 = -1.0000E+00 +- 2.6242E-02(m) +- 1.0238E-03(f)
 - bias_LSST_clustering_node0 = 1.2144E+00 +- 3.3434E-02(m) +- 2.7213E-02(f)
 - bias_LSST_clustering_node1 = 1.2144E+00 +- 8.2751E-03(m) +- 2.5572E-03(f)
 - bias_LSST_clustering_node2 = 1.6344E+00 +- 1.0092E-02(m) +- 1.1729E-03(f)
 - bias_LSST_clustering_node3 = 2.0544E+00 +- 1.4351E-02(m) +- 1.5284E-03(f)
 - bias_LSST_clustering_node4 = 2.5575E+00 +- 3.1491E-02(m) +- 3.4775E-03(f)
 - bias_LSST_clustering_node5 = 3.1875E+00 +- 4.3776E-01(m) +- 2.1215E-02(f)
 - bias_LSST_clustering_node6 = 3.7344E+00 +- 3.1586E+00(m) +- 1.0726E-01(f)
 - bias_LSST_clustering_node7 = 4.1344E+00 +- 2.3699E+02(m) +- 1.5481E+01(f)
 - bphz_LSST_clustering_node0 = 0.0000E+00 +- 3.4044E-03(m) +- 5.4390E-04(f)
 - bphz_LSST_clustering_node1 = 0.0000E+00 +- 2.9394E-03(m) +- 1.6788E-04(f)
 - bphz_LSST_clustering_node2 = 0.0000E+00 +- 2.7910E-03(m) +- 9.0450E-05(f)
 - bphz_LSST_clustering_node3 = 0.0000E+00 +- 2.7670E-03(m) +- 6.6792E-05(f)
 - bphz_LSST_clustering_node4 = 0.0000E+00 +- 2.7555E-03(m) +- 6.3618E-05(f)
 - bphz_LSST_clustering_node5 = 0.0000E+00 +- 2.7578E-03(m) +- 7.1124E-05(f)
 - bphz_LSST_clustering_node6 = 0.0000E+00 +- 2.7464E-03(m) +- 8.9482E-05(f)
 - bphz_LSST_clustering_node7 = 0.0000E+00 +- 2.7807E-03(m) +- 1.2199E-04(f)
 - bphz_LSST_clustering_node8 = 0.0000E+00 +- 2.8283E-03(m) +- 3.2826E-04(f)
 - bphz_LSST_clustering_node9 = 0.0000E+00 +- 2.6097E-02(m) +- 2.1189E-03(f)
