 - om = 3.1560E-01 +- 6.0017E-03(m) +- 9.1435E-04(f)
 - s8 = 8.3100E-01 +- 8.9876E-03(m) +- 2.8902E-04(f)
 - ob = 4.9200E-02 +- 3.3727E-03(m) +- 5.4372E-04(f)
 - ns = 9.6450E-01 +- 1.0167E-02(m) +- 1.1676E-03(f)
 - wa = 0.0000E+00 +- 2.5696E-01(m) +- 8.7922E-03(f)
 - w0 = -1.0000E+00 +- 4.9949E-02(m) +- 1.5802E-03(f)
 - bias_LSST_clustering_node0 = 1.2144E+00 +- 2.1447E-02(m) +- 3.4790E-03(f)
 - bias_LSST_clustering_node1 = 1.2144E+00 +- 1.3143E-02(m) +- 1.2485E-03(f)
 - bias_LSST_clustering_node2 = 1.6344E+00 +- 1.8654E-02(m) +- 1.5737E-03(f)
 - bias_LSST_clustering_node3 = 2.0544E+00 +- 2.8651E-02(m) +- 3.5407E-03(f)
 - bias_LSST_clustering_node4 = 2.5575E+00 +- 7.8163E-02(m) +- 9.1823E-03(f)
 - bias_LSST_clustering_node5 = 3.1875E+00 +- 1.1680E+00(m) +- 1.1123E-02(f)
 - bias_LSST_clustering_node6 = 3.7344E+00 +- 8.5745E+00(m) +- 4.1748E-02(f)
 - bias_LSST_clustering_node7 = 4.1344E+00 +- 6.4714E+02(m) +- 6.1169E+00(f)
 - bphz_LSST_clustering_node0 = 0.0000E+00 +- 4.3824E-03(m) +- 2.7410E-04(f)
 - bphz_LSST_clustering_node1 = 0.0000E+00 +- 3.7984E-03(m) +- 1.9358E-04(f)
 - bphz_LSST_clustering_node2 = 0.0000E+00 +- 3.6519E-03(m) +- 1.4471E-04(f)
 - bphz_LSST_clustering_node3 = 0.0000E+00 +- 3.5927E-03(m) +- 1.3534E-04(f)
 - bphz_LSST_clustering_node4 = 0.0000E+00 +- 3.5778E-03(m) +- 1.4959E-04(f)
 - bphz_LSST_clustering_node5 = 0.0000E+00 +- 3.5828E-03(m) +- 1.7496E-04(f)
 - bphz_LSST_clustering_node6 = 0.0000E+00 +- 3.5795E-03(m) +- 2.2680E-04(f)
 - bphz_LSST_clustering_node7 = 0.0000E+00 +- 3.6353E-03(m) +- 3.2212E-04(f)
 - bphz_LSST_clustering_node8 = 0.0000E+00 +- 3.8215E-03(m) +- 9.1555E-04(f)
 - bphz_LSST_clustering_node9 = 0.0000E+00 +- 6.8169E-02(m) +- 5.6221E-03(f)
